[   44490ms] [INFO] %cDownload the React DevTools for a better development experience: https://react.dev/link/react-devtools font-weight:bold @ http://localhost:3000/_next/static/chunks/node_modules_next_dist_1ybzpk2._.js:2477
[   44638ms] [LOG] [HMR] connected @ http://localhost:3000/_next/static/chunks/node_modules_next_dist_1ybzpk2._.js:2477
[   44867ms] [WARNING] Image with src "https://images.unsplash.com/photo-1548036328-c9fa89d128fa?w=600&h=600&fit=crop" has "fill" but is missing "sizes" prop. Please add it to improve page performance. Read more: https://nextjs.org/docs/api-reference/next/image#sizes @ http://localhost:3000/_next/static/chunks/node_modules_next_dist_1ybzpk2._.js:2477
[   44868ms] [WARNING] Image with src "https://images.unsplash.com/photo-1553062407-98eeb64c6a62?w=600&h=600&fit=crop" has "fill" but is missing "sizes" prop. Please add it to improve page performance. Read more: https://nextjs.org/docs/api-reference/next/image#sizes @ http://localhost:3000/_next/static/chunks/node_modules_next_dist_1ybzpk2._.js:2477
[   44868ms] [WARNING] Image with src "https://images.unsplash.com/photo-1594938298603-c8148c4dae35?w=600&h=600&fit=crop" has "fill" but is missing "sizes" prop. Please add it to improve page performance. Read more: https://nextjs.org/docs/api-reference/next/image#sizes @ http://localhost:3000/_next/static/chunks/node_modules_next_dist_1ybzpk2._.js:2477
[   44869ms] [WARNING] Image with src "https://images.unsplash.com/photo-1548036328-c9fa89d128fa?w=500&h=500&fit=crop" has "fill" but is missing "sizes" prop. Please add it to improve page performance. Read more: https://nextjs.org/docs/api-reference/next/image#sizes @ http://localhost:3000/_next/static/chunks/node_modules_next_dist_1ybzpk2._.js:2477
[   44869ms] [WARNING] Image with src "https://images.unsplash.com/photo-1553062407-98eeb64c6a62?w=500&h=500&fit=crop" has "fill" but is missing "sizes" prop. Please add it to improve page performance. Read more: https://nextjs.org/docs/api-reference/next/image#sizes @ http://localhost:3000/_next/static/chunks/node_modules_next_dist_1ybzpk2._.js:2477
[   45289ms] [ERROR] Failed to load resource: the server responded with a status of 404 (Not Found) @ http://localhost:3000/_next/image?url=https%3A%2F%2Fimages.unsplash.com%2Fphoto-1590874032007-11112ecc8753%3Fw%3D600%26h%3D600%26fit%3Dcrop&w=1920&q=75:0
[   52180ms] [WARNING] Image with src "https://images.unsplash.com/photo-1594938298603-c8148c4dae35?w=800&h=1000&fit=crop" has "fill" but is missing "sizes" prop. Please add it to improve page performance. Read more: https://nextjs.org/docs/api-reference/next/image#sizes @ http://localhost:3000/_next/static/chunks/node_modules_next_dist_1ybzpk2._.js:2477
[   56476ms] [WARNING] Image with src "https://images.unsplash.com/photo-1594938298603-c8148c4dae35?w=500&h=500&fit=crop" has "fill" but is missing "sizes" prop. Please add it to improve page performance. Read more: https://nextjs.org/docs/api-reference/next/image#sizes @ http://localhost:3000/_next/static/chunks/node_modules_next_dist_1ybzpk2._.js:2477
[   56651ms] [ERROR] Failed to load resource: the server responded with a status of 404 (Not Found) @ http://localhost:3000/_next/image?url=https%3A%2F%2Fimages.unsplash.com%2Fphoto-1590874032007-11112ecc8753%3Fw%3D500%26h%3D500%26fit%3Dcrop&w=1920&q=75:0
[   84239ms] [ERROR] WebSocket connection to 'ws://localhost:3000/_next/webpack-hmr?id=WCDpLPhqcD_MXzNltZQaM' failed: Error in connection establishment: net::ERR_CONNECTION_REFUSED @ http://localhost:3000/_next/static/chunks/node_modules_next_dist_client_0r5nbpw._.js:13422
[   87584ms] [ERROR] WebSocket connection to 'ws://localhost:3000/_next/webpack-hmr?id=WCDpLPhqcD_MXzNltZQaM' failed: Error in connection establishment: net::ERR_CONNECTION_REFUSED @ http://localhost:3000/_next/static/chunks/node_modules_next_dist_client_0r5nbpw._.js:13422
[   90933ms] [ERROR] WebSocket connection to 'ws://localhost:3000/_next/webpack-hmr?id=WCDpLPhqcD_MXzNltZQaM' failed: Error in connection establishment: net::ERR_CONNECTION_REFUSED @ http://localhost:3000/_next/static/chunks/node_modules_next_dist_client_0r5nbpw._.js:13422
[   94281ms] [ERROR] WebSocket connection to 'ws://localhost:3000/_next/webpack-hmr?id=WCDpLPhqcD_MXzNltZQaM' failed: Error in connection establishment: net::ERR_CONNECTION_REFUSED @ http://localhost:3000/_next/static/chunks/node_modules_next_dist_client_0r5nbpw._.js:13422
[   97635ms] [ERROR] WebSocket connection to 'ws://localhost:3000/_next/webpack-hmr?id=WCDpLPhqcD_MXzNltZQaM' failed: Error in connection establishment: net::ERR_CONNECTION_REFUSED @ http://localhost:3000/_next/static/chunks/node_modules_next_dist_client_0r5nbpw._.js:13422
[  104980ms] [ERROR] WebSocket connection to 'ws://localhost:3000/_next/webpack-hmr?id=WCDpLPhqcD_MXzNltZQaM' failed: Error in connection establishment: net::ERR_CONNECTION_REFUSED @ http://localhost:3000/_next/static/chunks/node_modules_next_dist_client_0r5nbpw._.js:13422
[  112320ms] [ERROR] WebSocket connection to 'ws://localhost:3000/_next/webpack-hmr?id=WCDpLPhqcD_MXzNltZQaM' failed: Error in connection establishment: net::ERR_CONNECTION_REFUSED @ http://localhost:3000/_next/static/chunks/node_modules_next_dist_client_0r5nbpw._.js:13422
[  119664ms] [ERROR] WebSocket connection to 'ws://localhost:3000/_next/webpack-hmr?id=WCDpLPhqcD_MXzNltZQaM' failed: Error in connection establishment: net::ERR_CONNECTION_REFUSED @ http://localhost:3000/_next/static/chunks/node_modules_next_dist_client_0r5nbpw._.js:13422
[  127026ms] [ERROR] WebSocket connection to 'ws://localhost:3000/_next/webpack-hmr?id=WCDpLPhqcD_MXzNltZQaM' failed: Error in connection establishment: net::ERR_CONNECTION_REFUSED @ http://localhost:3000/_next/static/chunks/node_modules_next_dist_client_0r5nbpw._.js:13422
[  134383ms] [ERROR] WebSocket connection to 'ws://localhost:3000/_next/webpack-hmr?id=WCDpLPhqcD_MXzNltZQaM' failed: Error in connection establishment: net::ERR_CONNECTION_REFUSED @ http://localhost:3000/_next/static/chunks/node_modules_next_dist_client_0r5nbpw._.js:13422
[  141733ms] [ERROR] WebSocket connection to 'ws://localhost:3000/_next/webpack-hmr?id=WCDpLPhqcD_MXzNltZQaM' failed: Error in connection establishment: net::ERR_CONNECTION_REFUSED @ http://localhost:3000/_next/static/chunks/node_modules_next_dist_client_0r5nbpw._.js:13422
[  149103ms] [ERROR] WebSocket connection to 'ws://localhost:3000/_next/webpack-hmr?id=WCDpLPhqcD_MXzNltZQaM' failed: Error in connection establishment: net::ERR_CONNECTION_REFUSED @ http://localhost:3000/_next/static/chunks/node_modules_next_dist_client_0r5nbpw._.js:13422
[  560501ms] [INFO] %cDownload the React DevTools for a better development experience: https://react.dev/link/react-devtools font-weight:bold @ http://localhost:3000/_next/static/chunks/node_modules_next_dist_1ybzpk2._.js:2477
[  560651ms] [LOG] [HMR] connected @ http://localhost:3000/_next/static/chunks/node_modules_next_dist_1ybzpk2._.js:2477
[  560915ms] [WARNING] Image with src "https://images.unsplash.com/photo-1548036328-c9fa89d128fa?w=600&h=600&fit=crop" has "fill" but is missing "sizes" prop. Please add it to improve page performance. Read more: https://nextjs.org/docs/api-reference/next/image#sizes @ http://localhost:3000/_next/static/chunks/node_modules_next_dist_1ybzpk2._.js:2477
[  560916ms] [WARNING] Image with src "https://images.unsplash.com/photo-1553062407-98eeb64c6a62?w=600&h=600&fit=crop" has "fill" but is missing "sizes" prop. Please add it to improve page performance. Read more: https://nextjs.org/docs/api-reference/next/image#sizes @ http://localhost:3000/_next/static/chunks/node_modules_next_dist_1ybzpk2._.js:2477
[  560916ms] [WARNING] Image with src "https://images.unsplash.com/photo-1594938298603-c8148c4dae35?w=600&h=600&fit=crop" has "fill" but is missing "sizes" prop. Please add it to improve page performance. Read more: https://nextjs.org/docs/api-reference/next/image#sizes @ http://localhost:3000/_next/static/chunks/node_modules_next_dist_1ybzpk2._.js:2477
[  560919ms] [WARNING] Image with src "https://images.unsplash.com/photo-1548036328-c9fa89d128fa?w=500&h=500&fit=crop" has "fill" but is missing "sizes" prop. Please add it to improve page performance. Read more: https://nextjs.org/docs/api-reference/next/image#sizes @ http://localhost:3000/_next/static/chunks/node_modules_next_dist_1ybzpk2._.js:2477
[  560925ms] [WARNING] Image with src "https://images.unsplash.com/photo-1553062407-98eeb64c6a62?w=500&h=500&fit=crop" has "fill" but is missing "sizes" prop. Please add it to improve page performance. Read more: https://nextjs.org/docs/api-reference/next/image#sizes @ http://localhost:3000/_next/static/chunks/node_modules_next_dist_1ybzpk2._.js:2477
[  561296ms] [ERROR] Failed to load resource: the server responded with a status of 404 (Not Found) @ http://localhost:3000/_next/image?url=https%3A%2F%2Fimages.unsplash.com%2Fphoto-1547940757-2473ef0d2418%3Fw%3D600%26h%3D600%26fit%3Dcrop&w=1920&q=75:0
[  741896ms] [ERROR] WebSocket connection to 'ws://localhost:3000/_next/webpack-hmr?id=6v3XPEeewdZ4UIRbMoQkg' failed: Error in connection establishment: net::ERR_CONNECTION_REFUSED @ http://localhost:3000/_next/static/chunks/node_modules_next_dist_client_0r5nbpw._.js:13422
[  745237ms] [ERROR] WebSocket connection to 'ws://localhost:3000/_next/webpack-hmr?id=6v3XPEeewdZ4UIRbMoQkg' failed: Error in connection establishment: net::ERR_CONNECTION_REFUSED @ http://localhost:3000/_next/static/chunks/node_modules_next_dist_client_0r5nbpw._.js:13422
[  748587ms] [ERROR] WebSocket connection to 'ws://localhost:3000/_next/webpack-hmr?id=6v3XPEeewdZ4UIRbMoQkg' failed: Error in connection establishment: net::ERR_CONNECTION_REFUSED @ http://localhost:3000/_next/static/chunks/node_modules_next_dist_client_0r5nbpw._.js:13422
[  751947ms] [ERROR] WebSocket connection to 'ws://localhost:3000/_next/webpack-hmr?id=6v3XPEeewdZ4UIRbMoQkg' failed: Error in connection establishment: net::ERR_CONNECTION_REFUSED @ http://localhost:3000/_next/static/chunks/node_modules_next_dist_client_0r5nbpw._.js:13422
[  755297ms] [ERROR] WebSocket connection to 'ws://localhost:3000/_next/webpack-hmr?id=6v3XPEeewdZ4UIRbMoQkg' failed: Error in connection establishment: net::ERR_CONNECTION_REFUSED @ http://localhost:3000/_next/static/chunks/node_modules_next_dist_client_0r5nbpw._.js:13422
[  762635ms] [ERROR] WebSocket connection to 'ws://localhost:3000/_next/webpack-hmr?id=6v3XPEeewdZ4UIRbMoQkg' failed: Error in connection establishment: net::ERR_CONNECTION_REFUSED @ http://localhost:3000/_next/static/chunks/node_modules_next_dist_client_0r5nbpw._.js:13422
[  769982ms] [ERROR] WebSocket connection to 'ws://localhost:3000/_next/webpack-hmr?id=6v3XPEeewdZ4UIRbMoQkg' failed: Error in connection establishment: net::ERR_CONNECTION_REFUSED @ http://localhost:3000/_next/static/chunks/node_modules_next_dist_client_0r5nbpw._.js:13422
[  777347ms] [ERROR] WebSocket connection to 'ws://localhost:3000/_next/webpack-hmr?id=6v3XPEeewdZ4UIRbMoQkg' failed: Error in connection establishment: net::ERR_CONNECTION_REFUSED @ http://localhost:3000/_next/static/chunks/node_modules_next_dist_client_0r5nbpw._.js:13422
[  784703ms] [ERROR] WebSocket connection to 'ws://localhost:3000/_next/webpack-hmr?id=6v3XPEeewdZ4UIRbMoQkg' failed: Error in connection establishment: net::ERR_CONNECTION_REFUSED @ http://localhost:3000/_next/static/chunks/node_modules_next_dist_client_0r5nbpw._.js:13422
